<?xml version="1.0" encoding="UTF-8"?>
<testng-results ignored="0" total="1" passed="1" failed="0" skipped="0">
  <reporter-output>
  </reporter-output>
  <suite started-at="2025-03-04T15:59:45 IST" name="Default suite" finished-at="2025-03-04T15:59:52 IST" duration-ms="7561">
    <groups>
    </groups>
    <test started-at="2025-03-04T15:59:45 IST" name="Default test" finished-at="2025-03-04T15:59:52 IST" duration-ms="7561">
      <class name="com.vittech.Automation.TestCase.Facebook">
        <test-method signature="facebookAutomaton()[pri:0, instance:com.vittech.Automation.TestCase.Facebook@4a194c39]" started-at="2025-03-04T15:59:45 IST" name="facebookAutomaton" finished-at="2025-03-04T15:59:52 IST" duration-ms="7511" status="PASS">
          <reporter-output>
          </reporter-output>
        </test-method> <!-- facebookAutomaton -->
      </class> <!-- com.vittech.Automation.TestCase.Facebook -->
    </test> <!-- Default test -->
  </suite> <!-- Default suite -->
</testng-results>
