<?xml version="1.0" encoding="UTF-8"?>
<testng-results ignored="0" total="2" passed="2" failed="0" skipped="0">
  <reporter-output>
  </reporter-output>
  <suite started-at="2025-02-27T17:45:43 IST" name="Default suite" finished-at="2025-02-27T17:45:55 IST" duration-ms="11742">
    <groups>
    </groups>
    <test started-at="2025-02-27T17:45:43 IST" name="Default test" finished-at="2025-02-27T17:45:55 IST" duration-ms="11742">
      <class name="com.vittech.Automation.TestCase.LoginTC">
        <test-method is-config="true" signature="setup()[pri:0, instance:com.vittech.Automation.TestCase.LoginTC@76505305]" started-at="2025-02-27T17:45:43 IST" name="setup" finished-at="2025-02-27T17:45:48 IST" duration-ms="4486" status="PASS">
          <reporter-output>
          </reporter-output>
        </test-method> <!-- setup -->
        <test-method signature="verifyLoginPageTitle()[pri:1, instance:com.vittech.Automation.TestCase.LoginTC@76505305]" started-at="2025-02-27T17:45:48 IST" name="verifyLoginPageTitle" finished-at="2025-02-27T17:45:51 IST" duration-ms="3013" status="PASS">
          <reporter-output>
          </reporter-output>
        </test-method> <!-- verifyLoginPageTitle -->
        <test-method signature="login()[pri:2, instance:com.vittech.Automation.TestCase.LoginTC@76505305]" started-at="2025-02-27T17:45:51 IST" name="login" finished-at="2025-02-27T17:45:55 IST" duration-ms="4135" status="PASS">
          <reporter-output>
          </reporter-output>
        </test-method> <!-- login -->
        <test-method is-config="true" signature="teardown()[pri:0, instance:com.vittech.Automation.TestCase.LoginTC@76505305]" started-at="2025-02-27T17:45:55 IST" name="teardown" finished-at="2025-02-27T17:45:55 IST" duration-ms="90" status="PASS">
          <reporter-output>
          </reporter-output>
        </test-method> <!-- teardown -->
      </class> <!-- com.vittech.Automation.TestCase.LoginTC -->
    </test> <!-- Default test -->
  </suite> <!-- Default suite -->
</testng-results>
